<?xml version="1.0" encoding="UTF-8"?>
<!-- Generated by org.testng.reporters.JUnitReportReporter -->
<testsuite hostname="harish" failures="0" tests="6" name="TestNG.InnvocationCountTest" time="0.021" errors="0" timestamp="2023-08-01T12:06:59 IST" skipped="0">
  <testcase classname="TestNG.InnvocationCountTest" name="demo" time="0.002"/>
  <system-out>
    <![CDATA[demo]]>
  </system-out>
  <testcase classname="TestNG.InnvocationCountTest" name="demo" time="0.013"/>
  <system-out>
    <![CDATA[demo]]>
  </system-out>
  <testcase classname="TestNG.InnvocationCountTest" name="demo" time="0.002"/>
  <system-out>
    <![CDATA[demo]]>
  </system-out>
  <testcase classname="TestNG.InnvocationCountTest" name="demo" time="0.001"/>
  <system-out>
    <![CDATA[demo]]>
  </system-out>
  <testcase classname="TestNG.InnvocationCountTest" name="demo" time="0.001"/>
  <system-out>
    <![CDATA[demo]]>
  </system-out>
  <testcase classname="TestNG.InnvocationCountTest" name="demo" time="0.002"/>
  <system-out>
    <![CDATA[demo]]>
  </system-out>
</testsuite> <!-- TestNG.InnvocationCountTest -->
