<?xml version="1.0" encoding="UTF-8"?>
<!-- Generated by org.testng.reporters.JUnitReportReporter -->
<testsuite hostname="harish" failures="0" tests="5" name="TestNG.PriorityTest" time="0.017" errors="0" timestamp="2023-08-01T12:00:08 IST" skipped="0">
  <testcase classname="TestNG.PriorityTest" name="test2" time="0.010"/>
  <system-out>
    <![CDATA[test2]]>
  </system-out>
  <testcase classname="TestNG.PriorityTest" name="test5" time="0.002"/>
  <system-out>
    <![CDATA[test5]]>
  </system-out>
  <testcase classname="TestNG.PriorityTest" name="test1" time="0.002"/>
  <system-out>
    <![CDATA[test1]]>
  </system-out>
  <testcase classname="TestNG.PriorityTest" name="test3" time="0.002"/>
  <system-out>
    <![CDATA[test3]]>
  </system-out>
  <testcase classname="TestNG.PriorityTest" name="test4" time="0.001"/>
  <system-out>
    <![CDATA[test4]]>
  </system-out>
</testsuite> <!-- TestNG.PriorityTest -->
