<?xml version="1.0" encoding="UTF-8"?>
<!-- Generated by org.testng.reporters.JUnitReportReporter -->
<testsuite hostname="harish" failures="0" tests="2" name="BatchEcxecution.Test3$Test1" time="0.003" errors="0" timestamp="2023-08-04T10:55:20 IST" skipped="0">
  <testcase classname="BatchEcxecution.Test3$Test1" name="demo" time="0.002"/>
  <system-out>
    <![CDATA[Hello World]]>
  </system-out>
  <testcase classname="BatchEcxecution.Test3$Test1" name="demo1" time="0.001"/>
  <system-out>
    <![CDATA[Hello World1]]>
  </system-out>
</testsuite> <!-- BatchEcxecution.Test3$Test1 -->
