<?xml version="1.0" encoding="UTF-8"?>
<!-- Generated by org.testng.reporters.JUnitReportReporter -->
<testsuite hostname="harish" failures="0" tests="1" name="annotations.Testclass" time="0.006" errors="0" timestamp="2023-08-03T13:10:27 IST" skipped="0">
  <testcase classname="annotations.Testclass" name="test" time="0.006"/>
  <system-out/>
</testsuite> <!-- annotations.Testclass -->
