<?xml version="1.0" encoding="UTF-8"?>
<!-- Generated by org.testng.reporters.JUnitReportReporter -->
<testsuite hostname="harish" failures="0" tests="12" name="TestNG.priorityinvocationTest" time="0.031" errors="0" timestamp="2023-08-02T10:54:11 IST" skipped="0">
  <testcase classname="TestNG.priorityinvocationTest" name="demo" time="0.003"/>
  <system-out>
    <![CDATA[demo]]>
  </system-out>
  <testcase classname="TestNG.priorityinvocationTest" name="demo" time="0.017"/>
  <system-out>
    <![CDATA[demo]]>
  </system-out>
  <testcase classname="TestNG.priorityinvocationTest" name="demo3" time="0.002"/>
  <system-out>
    <![CDATA[demo3]]>
  </system-out>
  <testcase classname="TestNG.priorityinvocationTest" name="demo3" time="0.000"/>
  <system-out>
    <![CDATA[demo3]]>
  </system-out>
  <testcase classname="TestNG.priorityinvocationTest" name="demo3" time="0.001"/>
  <system-out>
    <![CDATA[demo3]]>
  </system-out>
  <testcase classname="TestNG.priorityinvocationTest" name="demo3" time="0.001"/>
  <system-out>
    <![CDATA[demo3]]>
  </system-out>
  <testcase classname="TestNG.priorityinvocationTest" name="demo2" time="0.001"/>
  <system-out>
    <![CDATA[demo2]]>
  </system-out>
  <testcase classname="TestNG.priorityinvocationTest" name="demo2" time="0.000"/>
  <system-out>
    <![CDATA[demo2]]>
  </system-out>
  <testcase classname="TestNG.priorityinvocationTest" name="demo2" time="0.001"/>
  <system-out>
    <![CDATA[demo2]]>
  </system-out>
  <testcase classname="TestNG.priorityinvocationTest" name="demo2" time="0.003"/>
  <system-out>
    <![CDATA[demo2]]>
  </system-out>
  <testcase classname="TestNG.priorityinvocationTest" name="demo2" time="0.001"/>
  <system-out>
    <![CDATA[demo2]]>
  </system-out>
  <testcase classname="TestNG.priorityinvocationTest" name="demo2" time="0.001"/>
  <system-out>
    <![CDATA[demo2]]>
  </system-out>
</testsuite> <!-- TestNG.priorityinvocationTest -->
