<?xml version="1.0" encoding="UTF-8"?>
<!-- Generated by org.testng.reporters.JUnitReportReporter -->
<testsuite hostname="harish" failures="0" tests="1" name="TestNG.SampleTest" time="0.014" errors="0" timestamp="2023-08-01T13:09:16 IST" skipped="0">
  <testcase classname="TestNG.SampleTest" name="demo" time="0.014"/>
  <system-out>
    <![CDATA[Hello World]]>
  </system-out>
</testsuite> <!-- TestNG.SampleTest -->
