<?xml version="1.0" encoding="UTF-8"?>
<!-- Generated by org.testng.reporters.JUnitReportReporter -->
<testsuite hostname="harish" failures="0" tests="3" name="testing.DataProviderTest" time="0.013" errors="0" timestamp="2023-08-08T10:45:56 IST" skipped="0">
  <testcase classname="testing.DataProviderTest" name="bookTicketTest" time="0.001"/>
  <system-out/>
  <testcase classname="testing.DataProviderTest" name="bookTicketTest" time="0.011"/>
  <system-out/>
  <testcase classname="testing.DataProviderTest" name="bookTicketTest" time="0.001"/>
  <system-out/>
</testsuite> <!-- testing.DataProviderTest -->
