<?xml version="1.0" encoding="UTF-8"?>
<!-- Generated by org.testng.reporters.JUnitReportReporter -->
<testsuite hostname="harish" failures="0" tests="1" name="listeners.test1" time="0.007" errors="0" timestamp="2023-08-08T17:12:55 IST" skipped="0">
  <testcase classname="listeners.test1" name="test2" time="0.007"/>
  <system-out/>
</testsuite> <!-- listeners.test1 -->
