<?xml version="1.0" encoding="UTF-8"?>
<!-- Generated by org.testng.reporters.JUnitReportReporter -->
<testsuite hostname="harish" failures="0" tests="1" name="GroupEcxecution.Test3" time="0.018" errors="0" timestamp="2023-08-07T10:39:28 IST" skipped="0">
  <testcase classname="GroupEcxecution.Test3" name="demo" time="0.018"/>
  <system-out>
    <![CDATA[smoke]]>
  </system-out>
</testsuite> <!-- GroupEcxecution.Test3 -->
