<?xml version="1.0" encoding="UTF-8"?>
<!-- Generated by org.testng.reporters.JUnitReportReporter -->
<testsuite hostname="harish" failures="0" tests="3" name="GroupEcxecution.Test2" time="0.034" errors="0" timestamp="2023-08-04T11:22:54 IST" skipped="0">
  <testcase classname="GroupEcxecution.Test2" name="demo" time="0.032"/>
  <system-out>
    <![CDATA[regression]]>
  </system-out>
  <testcase classname="GroupEcxecution.Test2" name="demo2" time="0.001"/>
  <system-out>
    <![CDATA[functional and regression]]>
  </system-out>
  <testcase classname="GroupEcxecution.Test2" name="demo1" time="0.001"/>
  <system-out>
    <![CDATA[functional]]>
  </system-out>
</testsuite> <!-- GroupEcxecution.Test2 -->
