<?xml version="1.0" encoding="UTF-8"?>
<!-- Generated by org.testng.reporters.JUnitReportReporter -->
<testsuite hostname="harish" failures="0" tests="2" name="TestNG.EnabledTest" time="0.019" errors="0" timestamp="2023-08-02T12:34:26 IST" skipped="1">
  <testcase classname="TestNG.EnabledTest" name="test1" time="0.019"/>
  <system-out>
    <![CDATA[test1]]>
  </system-out>
  <testcase classname="TestNG.EnabledTest" name="test">
    <skipped/>
  </testcase> <!-- test -->
  <system-out/>
</testsuite> <!-- TestNG.EnabledTest -->
