<?xml version="1.0" encoding="UTF-8"?>
<!-- Generated by org.testng.reporters.JUnitReportReporter -->
<testsuite hostname="harish" failures="0" tests="1" name="annotations.TestClassextendsBaseclass" time="0.012" errors="0" timestamp="2023-08-03T13:05:09 IST" skipped="0">
  <testcase classname="annotations.TestClassextendsBaseclass" name="test1" time="0.012"/>
  <system-out/>
</testsuite> <!-- annotations.TestClassextendsBaseclass -->
